<?xml version="1.0" encoding="UTF-8"?>
<testsuites name="20210323_150902" timestamp="2021-03-23T15:09:03" time="31.434" tests="9" errors="0">
  <testsuite id="1" name="wrongTotalStepTally" package="wrongTotalStepTally" hostname="ALIPLR3132" timestamp="2021-03-23T15:09:06" time="26.451" tests="9" errors="0">
    <properties>
      <property name="Run From" value="ALIPLR3132" />
      <property name="Run OS" value="amd64 Windows 10 10.0" />
      <property name="Run User" value="AL3097" />
      <property name="Iteration" value="1 of 1" />
      <property name="Script" value="wrongTotalStepTally.xlsx" />
      <property name="Logs" value="C:\projects\macro\output\20210323_150902\logs\nexial-20210323_150902.log" />
      <property name="Data File" value="wrongTotalStepTally.data.xlsx" />
      <property name="DataSheet(s)" value="#default" />
      <property name="runtime args" value="-script C:\projects\macro\artifact\script\wrongTotalStepTally.xlsx" />
    </properties>
    <testcase id="Activity 1" name="Activity 1" classname="Scenario1" timestamp="2021-03-23T15:09:08" time="24.696">
      <system-out>Total : 9
Passed: 9
Failed: 0
Output: C:\projects\macro\output\20210323_150902\wrongTotalStepTally.20210323_150906.001.xlsx
Logs  : C:\projects\macro\output\20210323_150902\logs\nexial-20210323_150902.log</system-out>
    </testcase>
  </testsuite>
</testsuites>
