<?xml version="1.0" encoding="UTF-8"?>
<testsuites name="20210323_131508" timestamp="2021-03-23T13:15:09" time="12.323" tests="7" errors="0">
  <testsuite id="1" name="wrongTotalStepTally" package="wrongTotalStepTally" hostname="ALIPLR3132" timestamp="2021-03-23T13:15:12" time="7.591" tests="7" errors="0">
    <properties>
      <property name="Run From" value="ALIPLR3132" />
      <property name="Run OS" value="amd64 Windows 10 10.0" />
      <property name="Run User" value="AL3097" />
      <property name="Iteration" value="1 of 1" />
      <property name="Script" value="wrongTotalStepTally.xlsx" />
      <property name="Logs" value="C:\projects\macro\output\20210323_131508\logs\nexial-20210323_131508.log" />
      <property name="Data File" value="wrongTotalStepTally.data.xlsx" />
      <property name="DataSheet(s)" value="#default" />
      <property name="runtime args" value="-script C:\projects\macro\artifact\script\wrongTotalStepTally.xlsx" />
    </properties>
    <testcase id="Activity 1" name="Activity 1" classname="Scenario1" timestamp="2021-03-23T13:15:14" time="5.791">
      <system-out>Total : 7
Passed: 7
Failed: 0
Output: C:\projects\macro\output\20210323_131508\wrongTotalStepTally.20210323_131512.001.xlsx
Logs  : C:\projects\macro\output\20210323_131508\logs\nexial-20210323_131508.log</system-out>
    </testcase>
  </testsuite>
</testsuites>
